2023-08-16 21:05:53,624 [INFO] MainUpdater:2868 - connection check result : 10
2023-08-16 21:05:53,635 [INFO] MainUpdater:2868 - connection check result : 10
2023-08-16 21:05:53,668 [INFO] MicroXplorer:468 - Change Database Path : 
2023-08-16 21:05:53,668 [INFO] MicroXplorer:498 - Change Database Version : DB.6.0.90
2023-08-16 21:05:53,687 [WARN] ThirdParty:871 - waiting for thirdparty lock release [close project]
2023-08-16 21:05:53,687 [INFO] ThirdParty:873 - entering critical section [close project]
2023-08-16 21:05:53,687 [INFO] ThirdParty:883 - exiting critical section [close project]
2023-08-16 21:05:53,688 [INFO] PinOutPanel:1499 - setPackage(No Configuration,No Configuration)
2023-08-16 21:05:53,689 [INFO] UtilMem:75 - Begin LoadConfig() Used Memory: 597220336 Bytes (1073741824)
2023-08-16 21:05:53,689 [INFO] MicroXplorer:468 - Change Database Path : 
2023-08-16 21:05:53,689 [INFO] MicroXplorer:498 - Change Database Version : DB.6.0.90
2023-08-16 21:05:53,690 [INFO] OpenFileManager:308 - Change cursor
2023-08-16 21:05:53,701 [INFO] RulesReader:64 - Compatibility file has been processed (293 Rules)
2023-08-16 21:05:53,707 [INFO] Mcu:1946 - Initializing MCU STM32F103C(8-B)Tx STM32F103C8Tx STM32F103C8T6
2023-08-16 21:05:54,015 [INFO] Context:659 - Trying to add GPIOservice into a context  which must be forbidden
2023-08-16 21:05:54,135 [INFO] RtosManager:555 - Registered RTOS mode: class=CMSIS, group=RTOS, mode=CMSIS_V1, owner=FREERTOS
2023-08-16 21:05:54,135 [INFO] RtosManager:555 - Registered RTOS mode: class=CMSIS, group=RTOS2, mode=CMSIS_V2, owner=FREERTOS
2023-08-16 21:05:54,136 [INFO] RtosManager:555 - Registered RTOS mode: class=RTOS, group=Core, mode=CMSIS_V1, owner=FREERTOS
2023-08-16 21:05:54,136 [INFO] RtosManager:555 - Registered RTOS mode: class=RTOS, group=Core, mode=CMSIS_V2, owner=FREERTOS
2023-08-16 21:05:54,136 [WARN] ModelIntegratedComponent:184 - Missing modes for component STMicroelectronics:FreeRTOS:0.0.1:STMicroelectronics:RTOS:FreeRTOS:Core:::10.2.0:
2023-08-16 21:05:54,139 [WARN] ModelIntegratedComponent:63 - No mode defined for component null
2023-08-16 21:05:54,139 [WARN] ModelIntegratedComponent:63 - No mode defined for component null
2023-08-16 21:05:54,139 [WARN] ModelIntegratedComponent:63 - No mode defined for component null
2023-08-16 21:05:54,139 [WARN] ModelIntegratedComponent:63 - No mode defined for component null
2023-08-16 21:05:54,139 [WARN] ModelIntegratedComponent:63 - No mode defined for component null
2023-08-16 21:05:54,139 [WARN] ModelIntegratedComponent:63 - No mode defined for component null
2023-08-16 21:05:54,139 [WARN] ModelIntegratedComponent:63 - No mode defined for component null
2023-08-16 21:05:54,139 [WARN] ModelIntegratedComponent:63 - No mode defined for component null
2023-08-16 21:05:54,139 [WARN] ModelIntegratedComponent:63 - No mode defined for component null
2023-08-16 21:05:54,139 [WARN] ModelIntegratedComponent:63 - No mode defined for component null
2023-08-16 21:05:54,139 [WARN] ModelIntegratedComponent:63 - No mode defined for component null
2023-08-16 21:05:54,139 [WARN] ModelIntegratedComponent:63 - No mode defined for component null
2023-08-16 21:05:54,139 [WARN] ModelIntegratedComponent:63 - No mode defined for component null
2023-08-16 21:05:54,139 [WARN] ModelIntegratedComponent:63 - No mode defined for component null
2023-08-16 21:05:54,139 [WARN] ModelIntegratedComponent:63 - No mode defined for component null
2023-08-16 21:05:54,139 [WARN] ModelIntegratedComponent:63 - No mode defined for component null
2023-08-16 21:05:54,139 [WARN] ModelIntegratedComponent:63 - No mode defined for component null
2023-08-16 21:05:54,139 [WARN] ModelIntegratedComponent:63 - No mode defined for component null
2023-08-16 21:05:54,139 [WARN] ModelIntegratedComponent:63 - No mode defined for component null
2023-08-16 21:05:54,139 [WARN] ModelIntegratedComponent:63 - No mode defined for component null
2023-08-16 21:05:54,139 [WARN] ModelIntegratedComponent:63 - No mode defined for component null
2023-08-16 21:05:54,139 [WARN] ModelIntegratedComponent:63 - No mode defined for component null
2023-08-16 21:05:54,139 [WARN] ModelIntegratedComponent:63 - No mode defined for component null
2023-08-16 21:05:54,139 [WARN] ModelIntegratedComponent:63 - No mode defined for component null
2023-08-16 21:05:54,139 [WARN] ModelIntegratedComponent:63 - No mode defined for component null
2023-08-16 21:05:54,139 [WARN] ModelIntegratedComponent:63 - No mode defined for component null
2023-08-16 21:05:54,139 [WARN] ModelIntegratedComponent:63 - No mode defined for component null
2023-08-16 21:05:54,139 [WARN] ModelIntegratedComponent:63 - No mode defined for component null
2023-08-16 21:05:54,139 [WARN] ModelIntegratedComponent:63 - No mode defined for component null
2023-08-16 21:05:54,139 [WARN] ModelIntegratedComponent:63 - No mode defined for component null
2023-08-16 21:05:54,139 [WARN] ModelIntegratedComponent:63 - No mode defined for component null
2023-08-16 21:05:54,139 [WARN] ModelIntegratedComponent:63 - No mode defined for component null
2023-08-16 21:05:54,139 [WARN] ModelIntegratedComponent:63 - No mode defined for component null
2023-08-16 21:05:54,144 [INFO] ThirdPartyModel:298 - Start build external matchings
2023-08-16 21:05:54,294 [INFO] ThirdPartyModel:316 - End build external matchings
2023-08-16 21:05:54,299 [INFO] ImportTextPane:194 - (OptionalMessage_ERROR) IP (RCC) : Parameter (ADCFreqValue) has invalid value (36000000)
2023-08-16 21:05:54,299 [INFO] ImportTextPane:194 - (OptionalMessage_ERROR) IP (RCC) : Invalid parameter (FamilyName)
2023-08-16 21:05:54,299 [INFO] ImportTextPane:194 - (OptionalMessage_ERROR) IP (RCC) : Parameter (MCOFreq_Value) has invalid value (72000000)
2023-08-16 21:05:54,392 [INFO] UtilMem:75 - End LoadConfig() Used Memory: 690437056 Bytes (1073741824)
2023-08-16 21:05:54,415 [WARN] ThirdParty:833 - waiting for thirdparty lock release [change project]
2023-08-16 21:05:54,415 [INFO] ThirdParty:835 - entering critical section [change project]
2023-08-16 21:05:54,415 [INFO] ThirdParty:1030 - CMSIS Pack Vendor :STMicroelectronics X-CUBE-ISPU 1.1.0
2023-08-16 21:05:54,415 [INFO] ThirdParty:1030 - CMSIS Pack Vendor :STMicroelectronics USBPD 4.1
2023-08-16 21:05:54,415 [INFO] ThirdParty:1030 - CMSIS Pack Vendor :STMicroelectronics X-CUBE-GNSS1 6.0.0
2023-08-16 21:05:54,415 [INFO] ThirdParty:1030 - CMSIS Pack Vendor :STMicroelectronics USB_HOST 2.0.0
2023-08-16 21:05:54,415 [INFO] ThirdParty:1030 - CMSIS Pack Vendor :STMicroelectronics X-CUBE-AZRTOS-F4 1.1.0
2023-08-16 21:05:54,415 [INFO] ThirdParty:1030 - CMSIS Pack Vendor :STMicroelectronics LIBJPEG 8.0.0
2023-08-16 21:05:54,415 [INFO] ThirdParty:1030 - CMSIS Pack Vendor :wolfSSL I-CUBE-wolfSSL 5.6.3
2023-08-16 21:05:54,415 [INFO] ThirdParty:1030 - CMSIS Pack Vendor :STMicroelectronics X-CUBE-SMBUS 2.1.0
2023-08-16 21:05:54,415 [INFO] ThirdParty:1030 - CMSIS Pack Vendor :STMicroelectronics USB_DEVICE 3.0.0
2023-08-16 21:05:54,415 [INFO] ThirdParty:1030 - CMSIS Pack Vendor :STMicroelectronics X-CUBE-AZRTOS-WB 2.0.0
2023-08-16 21:05:54,415 [INFO] ThirdParty:1030 - CMSIS Pack Vendor :STMicroelectronics X-CUBE-FREERTOS 1.0.1
2023-08-16 21:05:54,415 [INFO] ThirdParty:1030 - CMSIS Pack Vendor :STMicroelectronics X-CUBE-AZRTOS-F7 1.1.0
2023-08-16 21:05:54,415 [INFO] ThirdParty:1030 - CMSIS Pack Vendor :STMicroelectronics X-CUBE-AZRTOS-L5 2.0.0
2023-08-16 21:05:54,415 [INFO] ThirdParty:1030 - CMSIS Pack Vendor :STMicroelectronics USB_DEVICE 2.0.0
2023-08-16 21:05:54,415 [INFO] ThirdParty:1030 - CMSIS Pack Vendor :STMicroelectronics X-CUBE-MEMS1 9.6.0
2023-08-16 21:05:54,415 [INFO] ThirdParty:1030 - CMSIS Pack Vendor :STMicroelectronics FP-SNS-MOTENV1 4.3.2
2023-08-16 21:05:54,415 [INFO] ThirdParty:1030 - CMSIS Pack Vendor :STMicroelectronics X-CUBE-ALGOBUILD 1.3.0
2023-08-16 21:05:54,415 [INFO] ThirdParty:1030 - CMSIS Pack Vendor :STMicroelectronics X-CUBE-BLE1 6.2.4
2023-08-16 21:05:54,415 [INFO] ThirdParty:1030 - CMSIS Pack Vendor :STMicroelectronics X-CUBE-AZRTOS-L5 1.1.0
2023-08-16 21:05:54,415 [INFO] ThirdParty:1030 - CMSIS Pack Vendor :STMicroelectronics FreeRTOS 0.0.1
2023-08-16 21:05:54,415 [INFO] ThirdParty:1030 - CMSIS Pack Vendor :STMicroelectronics X-CUBE-AZRTOS-G0 1.1.0
2023-08-16 21:05:54,415 [INFO] ThirdParty:1030 - CMSIS Pack Vendor :STMicroelectronics X-CUBE-BLEMGR 2.0.0
2023-08-16 21:05:54,415 [INFO] ThirdParty:1030 - CMSIS Pack Vendor :STMicroelectronics X-CUBE-AI 8.0.1
2023-08-16 21:05:54,415 [INFO] ThirdParty:1030 - CMSIS Pack Vendor :STMicroelectronics X-CUBE-NFC4 3.0.0
2023-08-16 21:05:54,415 [INFO] ThirdParty:1030 - CMSIS Pack Vendor :STMicroelectronics X-CUBE-SUBG2 5.0.0
2023-08-16 21:05:54,416 [INFO] ThirdParty:1030 - CMSIS Pack Vendor :STMicroelectronics STM32_WPAN 1.0.0
2023-08-16 21:05:54,416 [INFO] ThirdParty:1030 - CMSIS Pack Vendor :STMicroelectronics lwIP 2.0.3
2023-08-16 21:05:54,416 [INFO] ThirdParty:1030 - CMSIS Pack Vendor :STMicroelectronics FP-SNS-FLIGHT1 5.0.2
2023-08-16 21:05:54,416 [INFO] ThirdParty:1030 - CMSIS Pack Vendor :STMicroelectronics USB_HOST 1.0.0
2023-08-16 21:05:54,416 [INFO] ThirdParty:1030 - CMSIS Pack Vendor :STMicroelectronics X-CUBE-TOF1 3.3.1
2023-08-16 21:05:54,416 [INFO] ThirdParty:1030 - CMSIS Pack Vendor :STMicroelectronics X-CUBE-AZRTOS-G4 2.0.0
2023-08-16 21:05:54,416 [INFO] ThirdParty:1030 - CMSIS Pack Vendor :STMicroelectronics PDM2PCM 3.1.0
2023-08-16 21:05:54,416 [INFO] ThirdParty:1030 - CMSIS Pack Vendor :STMicroelectronics X-CUBE-AZRTOS-H7 3.1.0
2023-08-16 21:05:54,416 [INFO] ThirdParty:1030 - CMSIS Pack Vendor :STMicroelectronics PDM2PCM 3.3.0
2023-08-16 21:05:54,416 [INFO] ThirdParty:1030 - CMSIS Pack Vendor :STMicroelectronics X-CUBE-DISPLAY 3.0.0
2023-08-16 21:05:54,416 [INFO] ThirdParty:1030 - CMSIS Pack Vendor :STMicroelectronics X-CUBE-BLE1 7.0.0
2023-08-16 21:05:54,416 [INFO] ThirdParty:1030 - CMSIS Pack Vendor :STMicroelectronics FP-ATR-SIGFOX1 3.2.0
2023-08-16 21:05:54,416 [INFO] ThirdParty:1030 - CMSIS Pack Vendor :STMicroelectronics HAL Drivers 0.0.0
2023-08-16 21:05:54,416 [INFO] ThirdParty:1030 - CMSIS Pack Vendor :STMicroelectronics MBEDTLS 2.16.2
2023-08-16 21:05:54,416 [INFO] ThirdParty:1030 - CMSIS Pack Vendor :emotas I-CUBE-CANOPEN 1.3.0
2023-08-16 21:05:54,416 [INFO] ThirdParty:1030 - CMSIS Pack Vendor :STMicroelectronics X-CUBE-TOUCHGFX 4.22.0
2023-08-16 21:05:54,416 [INFO] ThirdParty:1030 - CMSIS Pack Vendor :STMicroelectronics X-CUBE-NFC7 1.0.1
2023-08-16 21:05:54,416 [INFO] ThirdParty:1030 - CMSIS Pack Vendor :STMicroelectronics MBEDTLS 2.14.1
2023-08-16 21:05:54,416 [INFO] ThirdParty:1030 - CMSIS Pack Vendor :STMicroelectronics X-CUBE-EEPRMA1 4.1.0
2023-08-16 21:05:54,416 [INFO] ThirdParty:1030 - CMSIS Pack Vendor :portGmbH I-Cube-SoM-uGOAL 1.1.0
2023-08-16 21:05:54,416 [INFO] ThirdParty:1030 - CMSIS Pack Vendor :STMicroelectronics X-CUBE-ALS 1.0.1
2023-08-16 21:05:54,416 [INFO] ThirdParty:1030 - CMSIS Pack Vendor :STMicroelectronics ThreadX 1.0.0
2023-08-16 21:05:54,416 [INFO] ThirdParty:1030 - CMSIS Pack Vendor :STMicroelectronics X-CUBE-AZRTOS-WB 1.1.0
2023-08-16 21:05:54,416 [INFO] ThirdParty:1030 - CMSIS Pack Vendor :STMicroelectronics X-CUBE-AZRTOS-WL 2.0.0
2023-08-16 21:05:54,416 [INFO] ThirdParty:1030 - CMSIS Pack Vendor :SEGGER I-CUBE-embOS 1.3.1
2023-08-16 21:05:54,416 [INFO] ThirdParty:1030 - CMSIS Pack Vendor :STMicroelectronics USB_DEVICE 1.0.0
2023-08-16 21:05:54,416 [INFO] ThirdParty:1030 - CMSIS Pack Vendor :STMicroelectronics X-CUBE-AI 8.1.0
2023-08-16 21:05:54,416 [INFO] ThirdParty:1030 - CMSIS Pack Vendor :STMicroelectronics X-CUBE-AZRTOS-L4 2.0.0
2023-08-16 21:05:54,416 [INFO] ThirdParty:1030 - CMSIS Pack Vendor :STMicroelectronics ThreadX 0.0.2
2023-08-16 21:05:54,416 [INFO] ThirdParty:1030 - CMSIS Pack Vendor :WES I-CUBE-Cesium 1.3.0
2023-08-16 21:05:54,416 [INFO] ThirdParty:1030 - CMSIS Pack Vendor :STMicroelectronics FP-ATR-ASTRA1 2.0.0
2023-08-16 21:05:54,416 [INFO] ThirdParty:1030 - CMSIS Pack Vendor :STMicroelectronics lwIP 2.1.2
2023-08-16 21:05:54,416 [INFO] ThirdParty:1030 - CMSIS Pack Vendor :STMicroelectronics X-CUBE-SFXS2LP1 4.0.0
2023-08-16 21:05:54,416 [INFO] ThirdParty:1030 - CMSIS Pack Vendor :STMicroelectronics X-CUBE-BLE2 3.3.0
2023-08-16 21:05:54,416 [INFO] ThirdParty:1030 - CMSIS Pack Vendor :STMicroelectronics PDM2PCM 3.2.0
2023-08-16 21:05:54,416 [INFO] ThirdParty:841 - exiting critical section [change project]
2023-08-16 21:05:54,490 [INFO] PinOutPanel:1499 - setPackage(No Configuration,No Configuration)
2023-08-16 21:05:54,491 [INFO] PinOutPanel:1499 - setPackage(STM32F103C8Tx,LQFP48)
2023-08-16 21:05:54,580 [INFO] UtilMem:75 - Before build in PCC Used Memory: 754223688 Bytes (1073741824)
2023-08-16 21:05:54,697 [INFO] UtilMem:75 - After build in PCC Used Memory: 795118152 Bytes (1073741824)
2023-08-16 21:05:54,706 [INFO] ApiDbMcu:507 - Load IP Config File for USB_DEVICE
2023-08-16 21:05:54,714 [INFO] IPUIPlugin:80 - create IPUIPlugin
2023-08-16 21:05:54,714 [INFO] IPUIPlugin:80 - create IPUIPlugin
2023-08-16 21:05:54,714 [INFO] IPUIPlugin:80 - create IPUIPlugin
2023-08-16 21:05:54,714 [INFO] IPUIPlugin:80 - create IPUIPlugin
2023-08-16 21:05:54,714 [INFO] IPUIPlugin:80 - create IPUIPlugin
2023-08-16 21:05:54,714 [INFO] IPUIPlugin:80 - create IPUIPlugin
2023-08-16 21:05:54,714 [INFO] IPUIPlugin:80 - create IPUIPlugin
2023-08-16 21:05:54,714 [INFO] IPUIPlugin:80 - create IPUIPlugin
2023-08-16 21:05:54,715 [INFO] IPUIPlugin:80 - create IPUIPlugin
2023-08-16 21:05:54,715 [INFO] IPUIPlugin:80 - create IPUIPlugin
2023-08-16 21:05:54,715 [INFO] IPUIPlugin:80 - create IPUIPlugin
2023-08-16 21:05:54,715 [INFO] IPUIPlugin:80 - create IPUIPlugin
2023-08-16 21:05:54,715 [INFO] IPUIPlugin:80 - create IPUIPlugin
2023-08-16 21:05:54,715 [INFO] IPUIPlugin:80 - create IPUIPlugin
2023-08-16 21:05:54,715 [INFO] IPUIPlugin:80 - create IPUIPlugin
2023-08-16 21:05:54,715 [INFO] IPUIPlugin:80 - create IPUIPlugin
2023-08-16 21:05:54,715 [INFO] IPUIPlugin:80 - create IPUIPlugin
2023-08-16 21:05:54,715 [INFO] IPUIPlugin:80 - create IPUIPlugin
2023-08-16 21:05:54,715 [INFO] IPUIPlugin:80 - create IPUIPlugin
2023-08-16 21:05:54,715 [INFO] IPUIPlugin:80 - create IPUIPlugin
2023-08-16 21:05:54,715 [INFO] IPUIPlugin:80 - create IPUIPlugin
2023-08-16 21:05:54,715 [INFO] IPUIPlugin:80 - create IPUIPlugin
2023-08-16 21:05:54,715 [INFO] IPUIPlugin:80 - create IPUIPlugin
2023-08-16 21:05:54,716 [INFO] IPUIPlugin:80 - create IPUIPlugin
2023-08-16 21:05:54,716 [INFO] IPUIPlugin:80 - create IPUIPlugin
2023-08-16 21:05:54,716 [INFO] IPUIPlugin:80 - create IPUIPlugin
2023-08-16 21:05:54,716 [INFO] IPUIPlugin:80 - create IPUIPlugin
2023-08-16 21:05:54,734 [INFO] CADModel:165 - CPN selected for project levelSTM32F103C8T6
2023-08-16 21:05:54,734 [INFO] CADModel:114 - Register for checkConnection events
2023-08-16 21:05:54,780 [INFO] OpenFileManager:328 - Restore cursor
2023-08-16 22:29:28,403 [INFO] MainUpdater:2868 - connection check result : 10
2023-08-16 22:29:28,403 [INFO] MainUpdater:2868 - connection check result : 10
2023-08-16 22:29:28,426 [INFO] MicroXplorer:468 - Change Database Path : 
2023-08-16 22:29:28,426 [INFO] MicroXplorer:498 - Change Database Version : DB.6.0.90
2023-08-16 22:29:28,436 [WARN] ThirdParty:871 - waiting for thirdparty lock release [close project]
2023-08-16 22:29:28,436 [INFO] ThirdParty:873 - entering critical section [close project]
2023-08-16 22:29:28,436 [INFO] ThirdParty:883 - exiting critical section [close project]
2023-08-16 22:29:28,437 [INFO] PinOutPanel:1499 - setPackage(No Configuration,No Configuration)
2023-08-16 22:29:28,438 [INFO] UtilMem:75 - Begin LoadConfig() Used Memory: 671755968 Bytes (1073741824)
2023-08-16 22:29:28,438 [INFO] MicroXplorer:468 - Change Database Path : 
2023-08-16 22:29:28,438 [INFO] MicroXplorer:498 - Change Database Version : DB.6.0.90
2023-08-16 22:29:28,438 [INFO] OpenFileManager:308 - Change cursor
2023-08-16 22:29:28,442 [INFO] Mcu:1946 - Initializing MCU STM32F103C(8-B)Tx STM32F103C8Tx STM32F103C8T6
2023-08-16 22:29:28,651 [INFO] Context:659 - Trying to add GPIOservice into a context  which must be forbidden
2023-08-16 22:29:28,775 [INFO] RtosManager:555 - Registered RTOS mode: class=CMSIS, group=RTOS, mode=CMSIS_V1, owner=FREERTOS
2023-08-16 22:29:28,775 [INFO] RtosManager:555 - Registered RTOS mode: class=CMSIS, group=RTOS2, mode=CMSIS_V2, owner=FREERTOS
2023-08-16 22:29:28,775 [INFO] RtosManager:555 - Registered RTOS mode: class=RTOS, group=Core, mode=CMSIS_V1, owner=FREERTOS
2023-08-16 22:29:28,775 [INFO] RtosManager:555 - Registered RTOS mode: class=RTOS, group=Core, mode=CMSIS_V2, owner=FREERTOS
2023-08-16 22:29:28,775 [WARN] ModelIntegratedComponent:184 - Missing modes for component STMicroelectronics:FreeRTOS:0.0.1:STMicroelectronics:RTOS:FreeRTOS:Core:::10.2.0:
2023-08-16 22:29:28,779 [WARN] ModelIntegratedComponent:63 - No mode defined for component null
2023-08-16 22:29:28,779 [WARN] ModelIntegratedComponent:63 - No mode defined for component null
2023-08-16 22:29:28,779 [WARN] ModelIntegratedComponent:63 - No mode defined for component null
2023-08-16 22:29:28,779 [WARN] ModelIntegratedComponent:63 - No mode defined for component null
2023-08-16 22:29:28,779 [WARN] ModelIntegratedComponent:63 - No mode defined for component null
2023-08-16 22:29:28,779 [WARN] ModelIntegratedComponent:63 - No mode defined for component null
2023-08-16 22:29:28,779 [WARN] ModelIntegratedComponent:63 - No mode defined for component null
2023-08-16 22:29:28,779 [WARN] ModelIntegratedComponent:63 - No mode defined for component null
2023-08-16 22:29:28,779 [WARN] ModelIntegratedComponent:63 - No mode defined for component null
2023-08-16 22:29:28,779 [WARN] ModelIntegratedComponent:63 - No mode defined for component null
2023-08-16 22:29:28,779 [WARN] ModelIntegratedComponent:63 - No mode defined for component null
2023-08-16 22:29:28,779 [WARN] ModelIntegratedComponent:63 - No mode defined for component null
2023-08-16 22:29:28,779 [WARN] ModelIntegratedComponent:63 - No mode defined for component null
2023-08-16 22:29:28,779 [WARN] ModelIntegratedComponent:63 - No mode defined for component null
2023-08-16 22:29:28,779 [WARN] ModelIntegratedComponent:63 - No mode defined for component null
2023-08-16 22:29:28,779 [WARN] ModelIntegratedComponent:63 - No mode defined for component null
2023-08-16 22:29:28,779 [WARN] ModelIntegratedComponent:63 - No mode defined for component null
2023-08-16 22:29:28,779 [WARN] ModelIntegratedComponent:63 - No mode defined for component null
2023-08-16 22:29:28,779 [WARN] ModelIntegratedComponent:63 - No mode defined for component null
2023-08-16 22:29:28,779 [WARN] ModelIntegratedComponent:63 - No mode defined for component null
2023-08-16 22:29:28,779 [WARN] ModelIntegratedComponent:63 - No mode defined for component null
2023-08-16 22:29:28,779 [WARN] ModelIntegratedComponent:63 - No mode defined for component null
2023-08-16 22:29:28,779 [WARN] ModelIntegratedComponent:63 - No mode defined for component null
2023-08-16 22:29:28,779 [WARN] ModelIntegratedComponent:63 - No mode defined for component null
2023-08-16 22:29:28,779 [WARN] ModelIntegratedComponent:63 - No mode defined for component null
2023-08-16 22:29:28,779 [WARN] ModelIntegratedComponent:63 - No mode defined for component null
2023-08-16 22:29:28,779 [WARN] ModelIntegratedComponent:63 - No mode defined for component null
2023-08-16 22:29:28,779 [WARN] ModelIntegratedComponent:63 - No mode defined for component null
2023-08-16 22:29:28,779 [WARN] ModelIntegratedComponent:63 - No mode defined for component null
2023-08-16 22:29:28,779 [WARN] ModelIntegratedComponent:63 - No mode defined for component null
2023-08-16 22:29:28,779 [WARN] ModelIntegratedComponent:63 - No mode defined for component null
2023-08-16 22:29:28,779 [WARN] ModelIntegratedComponent:63 - No mode defined for component null
2023-08-16 22:29:28,779 [WARN] ModelIntegratedComponent:63 - No mode defined for component null
2023-08-16 22:29:28,785 [INFO] ThirdPartyModel:298 - Start build external matchings
2023-08-16 22:29:28,975 [INFO] ThirdPartyModel:316 - End build external matchings
2023-08-16 22:29:28,979 [INFO] ImportTextPane:194 - (OptionalMessage_ERROR) IP (RCC) : Parameter (ADCFreqValue) has invalid value (36000000)
2023-08-16 22:29:28,979 [INFO] ImportTextPane:194 - (OptionalMessage_ERROR) IP (RCC) : Invalid parameter (FamilyName)
2023-08-16 22:29:28,979 [INFO] ImportTextPane:194 - (OptionalMessage_ERROR) IP (RCC) : Parameter (MCOFreq_Value) has invalid value (72000000)
2023-08-16 22:29:29,073 [INFO] UtilMem:75 - End LoadConfig() Used Memory: 560598664 Bytes (1073741824)
2023-08-16 22:29:29,096 [WARN] ThirdParty:833 - waiting for thirdparty lock release [change project]
2023-08-16 22:29:29,096 [INFO] ThirdParty:835 - entering critical section [change project]
2023-08-16 22:29:29,096 [INFO] ThirdParty:1030 - CMSIS Pack Vendor :STMicroelectronics X-CUBE-ISPU 1.1.0
2023-08-16 22:29:29,096 [INFO] ThirdParty:1030 - CMSIS Pack Vendor :STMicroelectronics USBPD 4.1
2023-08-16 22:29:29,096 [INFO] ThirdParty:1030 - CMSIS Pack Vendor :STMicroelectronics X-CUBE-GNSS1 6.0.0
2023-08-16 22:29:29,096 [INFO] ThirdParty:1030 - CMSIS Pack Vendor :STMicroelectronics USB_HOST 2.0.0
2023-08-16 22:29:29,096 [INFO] ThirdParty:1030 - CMSIS Pack Vendor :STMicroelectronics X-CUBE-AZRTOS-F4 1.1.0
2023-08-16 22:29:29,096 [INFO] ThirdParty:1030 - CMSIS Pack Vendor :STMicroelectronics LIBJPEG 8.0.0
2023-08-16 22:29:29,096 [INFO] ThirdParty:1030 - CMSIS Pack Vendor :wolfSSL I-CUBE-wolfSSL 5.6.3
2023-08-16 22:29:29,096 [INFO] ThirdParty:1030 - CMSIS Pack Vendor :STMicroelectronics X-CUBE-SMBUS 2.1.0
2023-08-16 22:29:29,096 [INFO] ThirdParty:1030 - CMSIS Pack Vendor :STMicroelectronics USB_DEVICE 3.0.0
2023-08-16 22:29:29,096 [INFO] ThirdParty:1030 - CMSIS Pack Vendor :STMicroelectronics X-CUBE-AZRTOS-WB 2.0.0
2023-08-16 22:29:29,096 [INFO] ThirdParty:1030 - CMSIS Pack Vendor :STMicroelectronics X-CUBE-FREERTOS 1.0.1
2023-08-16 22:29:29,096 [INFO] ThirdParty:1030 - CMSIS Pack Vendor :STMicroelectronics X-CUBE-AZRTOS-F7 1.1.0
2023-08-16 22:29:29,096 [INFO] ThirdParty:1030 - CMSIS Pack Vendor :STMicroelectronics X-CUBE-AZRTOS-L5 2.0.0
2023-08-16 22:29:29,096 [INFO] ThirdParty:1030 - CMSIS Pack Vendor :STMicroelectronics USB_DEVICE 2.0.0
2023-08-16 22:29:29,096 [INFO] ThirdParty:1030 - CMSIS Pack Vendor :STMicroelectronics X-CUBE-MEMS1 9.6.0
2023-08-16 22:29:29,096 [INFO] ThirdParty:1030 - CMSIS Pack Vendor :STMicroelectronics FP-SNS-MOTENV1 4.3.2
2023-08-16 22:29:29,096 [INFO] ThirdParty:1030 - CMSIS Pack Vendor :STMicroelectronics X-CUBE-ALGOBUILD 1.3.0
2023-08-16 22:29:29,096 [INFO] ThirdParty:1030 - CMSIS Pack Vendor :STMicroelectronics X-CUBE-BLE1 6.2.4
2023-08-16 22:29:29,096 [INFO] ThirdParty:1030 - CMSIS Pack Vendor :STMicroelectronics X-CUBE-AZRTOS-L5 1.1.0
2023-08-16 22:29:29,096 [INFO] ThirdParty:1030 - CMSIS Pack Vendor :STMicroelectronics FreeRTOS 0.0.1
2023-08-16 22:29:29,096 [INFO] ThirdParty:1030 - CMSIS Pack Vendor :STMicroelectronics X-CUBE-AZRTOS-G0 1.1.0
2023-08-16 22:29:29,096 [INFO] ThirdParty:1030 - CMSIS Pack Vendor :STMicroelectronics X-CUBE-BLEMGR 2.0.0
2023-08-16 22:29:29,096 [INFO] ThirdParty:1030 - CMSIS Pack Vendor :STMicroelectronics X-CUBE-AI 8.0.1
2023-08-16 22:29:29,096 [INFO] ThirdParty:1030 - CMSIS Pack Vendor :STMicroelectronics X-CUBE-NFC4 3.0.0
2023-08-16 22:29:29,096 [INFO] ThirdParty:1030 - CMSIS Pack Vendor :STMicroelectronics X-CUBE-SUBG2 5.0.0
2023-08-16 22:29:29,096 [INFO] ThirdParty:1030 - CMSIS Pack Vendor :STMicroelectronics STM32_WPAN 1.0.0
2023-08-16 22:29:29,096 [INFO] ThirdParty:1030 - CMSIS Pack Vendor :STMicroelectronics lwIP 2.0.3
2023-08-16 22:29:29,096 [INFO] ThirdParty:1030 - CMSIS Pack Vendor :STMicroelectronics FP-SNS-FLIGHT1 5.0.2
2023-08-16 22:29:29,096 [INFO] ThirdParty:1030 - CMSIS Pack Vendor :STMicroelectronics USB_HOST 1.0.0
2023-08-16 22:29:29,096 [INFO] ThirdParty:1030 - CMSIS Pack Vendor :STMicroelectronics X-CUBE-TOF1 3.3.1
2023-08-16 22:29:29,096 [INFO] ThirdParty:1030 - CMSIS Pack Vendor :STMicroelectronics X-CUBE-AZRTOS-G4 2.0.0
2023-08-16 22:29:29,096 [INFO] ThirdParty:1030 - CMSIS Pack Vendor :STMicroelectronics PDM2PCM 3.1.0
2023-08-16 22:29:29,096 [INFO] ThirdParty:1030 - CMSIS Pack Vendor :STMicroelectronics X-CUBE-AZRTOS-H7 3.1.0
2023-08-16 22:29:29,096 [INFO] ThirdParty:1030 - CMSIS Pack Vendor :STMicroelectronics PDM2PCM 3.3.0
2023-08-16 22:29:29,096 [INFO] ThirdParty:1030 - CMSIS Pack Vendor :STMicroelectronics X-CUBE-DISPLAY 3.0.0
2023-08-16 22:29:29,097 [INFO] ThirdParty:1030 - CMSIS Pack Vendor :STMicroelectronics X-CUBE-BLE1 7.0.0
2023-08-16 22:29:29,097 [INFO] ThirdParty:1030 - CMSIS Pack Vendor :STMicroelectronics FP-ATR-SIGFOX1 3.2.0
2023-08-16 22:29:29,097 [INFO] ThirdParty:1030 - CMSIS Pack Vendor :STMicroelectronics HAL Drivers 0.0.0
2023-08-16 22:29:29,097 [INFO] ThirdParty:1030 - CMSIS Pack Vendor :STMicroelectronics MBEDTLS 2.16.2
2023-08-16 22:29:29,097 [INFO] ThirdParty:1030 - CMSIS Pack Vendor :emotas I-CUBE-CANOPEN 1.3.0
2023-08-16 22:29:29,097 [INFO] ThirdParty:1030 - CMSIS Pack Vendor :STMicroelectronics X-CUBE-TOUCHGFX 4.22.0
2023-08-16 22:29:29,097 [INFO] ThirdParty:1030 - CMSIS Pack Vendor :STMicroelectronics X-CUBE-NFC7 1.0.1
2023-08-16 22:29:29,097 [INFO] ThirdParty:1030 - CMSIS Pack Vendor :STMicroelectronics MBEDTLS 2.14.1
2023-08-16 22:29:29,097 [INFO] ThirdParty:1030 - CMSIS Pack Vendor :STMicroelectronics X-CUBE-EEPRMA1 4.1.0
2023-08-16 22:29:29,097 [INFO] ThirdParty:1030 - CMSIS Pack Vendor :portGmbH I-Cube-SoM-uGOAL 1.1.0
2023-08-16 22:29:29,097 [INFO] ThirdParty:1030 - CMSIS Pack Vendor :STMicroelectronics X-CUBE-ALS 1.0.1
2023-08-16 22:29:29,097 [INFO] ThirdParty:1030 - CMSIS Pack Vendor :STMicroelectronics ThreadX 1.0.0
2023-08-16 22:29:29,097 [INFO] ThirdParty:1030 - CMSIS Pack Vendor :STMicroelectronics X-CUBE-AZRTOS-WB 1.1.0
2023-08-16 22:29:29,097 [INFO] ThirdParty:1030 - CMSIS Pack Vendor :STMicroelectronics X-CUBE-AZRTOS-WL 2.0.0
2023-08-16 22:29:29,097 [INFO] ThirdParty:1030 - CMSIS Pack Vendor :SEGGER I-CUBE-embOS 1.3.1
2023-08-16 22:29:29,097 [INFO] ThirdParty:1030 - CMSIS Pack Vendor :STMicroelectronics USB_DEVICE 1.0.0
2023-08-16 22:29:29,097 [INFO] ThirdParty:1030 - CMSIS Pack Vendor :STMicroelectronics X-CUBE-AI 8.1.0
2023-08-16 22:29:29,097 [INFO] ThirdParty:1030 - CMSIS Pack Vendor :STMicroelectronics X-CUBE-AZRTOS-L4 2.0.0
2023-08-16 22:29:29,097 [INFO] ThirdParty:1030 - CMSIS Pack Vendor :STMicroelectronics ThreadX 0.0.2
2023-08-16 22:29:29,097 [INFO] ThirdParty:1030 - CMSIS Pack Vendor :WES I-CUBE-Cesium 1.3.0
2023-08-16 22:29:29,097 [INFO] ThirdParty:1030 - CMSIS Pack Vendor :STMicroelectronics FP-ATR-ASTRA1 2.0.0
2023-08-16 22:29:29,097 [INFO] ThirdParty:1030 - CMSIS Pack Vendor :STMicroelectronics lwIP 2.1.2
2023-08-16 22:29:29,097 [INFO] ThirdParty:1030 - CMSIS Pack Vendor :STMicroelectronics X-CUBE-SFXS2LP1 4.0.0
2023-08-16 22:29:29,097 [INFO] ThirdParty:1030 - CMSIS Pack Vendor :STMicroelectronics X-CUBE-BLE2 3.3.0
2023-08-16 22:29:29,097 [INFO] ThirdParty:1030 - CMSIS Pack Vendor :STMicroelectronics PDM2PCM 3.2.0
2023-08-16 22:29:29,097 [INFO] ThirdParty:841 - exiting critical section [change project]
2023-08-16 22:29:29,140 [INFO] PinOutPanel:1499 - setPackage(No Configuration,No Configuration)
2023-08-16 22:29:29,140 [INFO] PinOutPanel:1499 - setPackage(STM32F103C8Tx,LQFP48)
2023-08-16 22:29:29,235 [INFO] UtilMem:75 - Before build in PCC Used Memory: 562201184 Bytes (1073741824)
2023-08-16 22:29:29,317 [INFO] UtilMem:75 - After build in PCC Used Memory: 602573408 Bytes (1073741824)
2023-08-16 22:29:29,320 [INFO] ApiDbMcu:507 - Load IP Config File for USB_DEVICE
2023-08-16 22:29:29,328 [INFO] IPUIPlugin:80 - create IPUIPlugin
2023-08-16 22:29:29,328 [INFO] IPUIPlugin:80 - create IPUIPlugin
2023-08-16 22:29:29,328 [INFO] IPUIPlugin:80 - create IPUIPlugin
2023-08-16 22:29:29,328 [INFO] IPUIPlugin:80 - create IPUIPlugin
2023-08-16 22:29:29,328 [INFO] IPUIPlugin:80 - create IPUIPlugin
2023-08-16 22:29:29,328 [INFO] IPUIPlugin:80 - create IPUIPlugin
2023-08-16 22:29:29,328 [INFO] IPUIPlugin:80 - create IPUIPlugin
2023-08-16 22:29:29,328 [INFO] IPUIPlugin:80 - create IPUIPlugin
2023-08-16 22:29:29,328 [INFO] IPUIPlugin:80 - create IPUIPlugin
2023-08-16 22:29:29,328 [INFO] IPUIPlugin:80 - create IPUIPlugin
2023-08-16 22:29:29,328 [INFO] IPUIPlugin:80 - create IPUIPlugin
2023-08-16 22:29:29,329 [INFO] IPUIPlugin:80 - create IPUIPlugin
2023-08-16 22:29:29,329 [INFO] IPUIPlugin:80 - create IPUIPlugin
2023-08-16 22:29:29,329 [INFO] IPUIPlugin:80 - create IPUIPlugin
2023-08-16 22:29:29,329 [INFO] IPUIPlugin:80 - create IPUIPlugin
2023-08-16 22:29:29,329 [INFO] IPUIPlugin:80 - create IPUIPlugin
2023-08-16 22:29:29,329 [INFO] IPUIPlugin:80 - create IPUIPlugin
2023-08-16 22:29:29,329 [INFO] IPUIPlugin:80 - create IPUIPlugin
2023-08-16 22:29:29,329 [INFO] IPUIPlugin:80 - create IPUIPlugin
2023-08-16 22:29:29,329 [INFO] IPUIPlugin:80 - create IPUIPlugin
2023-08-16 22:29:29,329 [INFO] IPUIPlugin:80 - create IPUIPlugin
2023-08-16 22:29:29,329 [INFO] IPUIPlugin:80 - create IPUIPlugin
2023-08-16 22:29:29,329 [INFO] IPUIPlugin:80 - create IPUIPlugin
2023-08-16 22:29:29,330 [INFO] IPUIPlugin:80 - create IPUIPlugin
2023-08-16 22:29:29,330 [INFO] IPUIPlugin:80 - create IPUIPlugin
2023-08-16 22:29:29,330 [INFO] IPUIPlugin:80 - create IPUIPlugin
2023-08-16 22:29:29,330 [INFO] IPUIPlugin:80 - create IPUIPlugin
2023-08-16 22:29:29,348 [INFO] CADModel:165 - CPN selected for project levelSTM32F103C8T6
2023-08-16 22:29:29,348 [INFO] CADModel:114 - Register for checkConnection events
2023-08-16 22:29:29,404 [INFO] OpenFileManager:328 - Restore cursor
2023-08-16 22:29:32,412 [INFO] Gpio:273 - dependency for GPIO [RCC, SPI1, SYS, USB]
2023-08-16 22:29:58,118 [INFO] UtilMem:75 - End SaveConfig() Used Memory: 648360848 Bytes (1073741824)
2023-08-16 22:29:58,426 [INFO] UtilMem:75 - End SaveConfig() Used Memory: 666708880 Bytes (1073741824)
2023-08-16 22:29:58,763 [INFO] UtilMem:75 - End SaveConfig() Used Memory: 697117584 Bytes (1073741824)
2023-08-16 22:29:58,878 [INFO] BlockDiagram:2759 - set Specific Code input for plugin: SPI
2023-08-16 22:29:58,878 [INFO] BlockDiagram:2759 - set Specific Code input for plugin: NVIC
2023-08-16 22:29:58,878 [INFO] BlockDiagram:2759 - set Specific Code input for plugin: USB_DEVICE
2023-08-16 22:29:58,878 [INFO] BlockDiagram:2759 - set Specific Code input for plugin: USB
2023-08-16 22:29:58,878 [INFO] BlockDiagram:2759 - set Specific Code input for plugin: SYS
2023-08-16 22:29:58,878 [INFO] BlockDiagram:2759 - set Specific Code input for plugin: GPIO
2023-08-16 22:29:58,878 [INFO] BlockDiagram:2759 - set Specific Code input for plugin: RCC
2023-08-16 22:29:58,879 [INFO] CodeGenerator:799 - code generatio: config db path: C:\ST\STM32CubeIDE_1.13.0\STM32CubeIDE\plugins\com.st.stm32cube.common.mx_6.9.0.202307051724\\db\
2023-08-16 22:29:58,991 [INFO] CodeEngine:255 - oldGeneratedFile, C:\Users\mattv\local\dev\stm32\BasicReflowV01\BasicReflow\MXTmpFiles\license.tmp_save
2023-08-16 22:29:59,067 [INFO] CodeEngine:279 - Generated code: C:\Users\mattv\local\dev\stm32\BasicReflowV01\BasicReflow\MXTmpFiles\license.tmp
2023-08-16 22:29:59,106 [INFO] CodeEngine:255 - oldGeneratedFile, C:\Users\mattv\local\dev\stm32\BasicReflowV01\BasicReflow\Core\Src\gpio.c_save
2023-08-16 22:29:59,169 [INFO] CodeEngine:279 - Generated code: C:\Users\mattv\local\dev\stm32\BasicReflowV01\BasicReflow\Core\Src\gpio.c
2023-08-16 22:29:59,186 [INFO] CodeEngine:255 - oldGeneratedFile, C:\Users\mattv\local\dev\stm32\BasicReflowV01\BasicReflow\Core\Inc\gpio.h_save
2023-08-16 22:29:59,239 [INFO] CodeEngine:279 - Generated code: C:\Users\mattv\local\dev\stm32\BasicReflowV01\BasicReflow\Core\Inc\gpio.h
2023-08-16 22:29:59,274 [INFO] CodeEngine:255 - oldGeneratedFile, C:\Users\mattv\local\dev\stm32\BasicReflowV01\BasicReflow\MXTmpFiles\usb_vars.tmp_save
2023-08-16 22:29:59,328 [INFO] CodeEngine:279 - Generated code: C:\Users\mattv\local\dev\stm32\BasicReflowV01\BasicReflow\MXTmpFiles\usb_vars.tmp
2023-08-16 22:29:59,333 [INFO] CodeEngine:255 - oldGeneratedFile, C:\Users\mattv\local\dev\stm32\BasicReflowV01\BasicReflow\MXTmpFiles\usb_inc.tmp_save
2023-08-16 22:29:59,375 [INFO] CodeEngine:279 - Generated code: C:\Users\mattv\local\dev\stm32\BasicReflowV01\BasicReflow\MXTmpFiles\usb_inc.tmp
2023-08-16 22:29:59,386 [INFO] CodeEngine:255 - oldGeneratedFile, C:\Users\mattv\local\dev\stm32\BasicReflowV01\BasicReflow\MXTmpFiles\usb_HalInit.tmp_save
2023-08-16 22:29:59,447 [INFO] CodeEngine:279 - Generated code: C:\Users\mattv\local\dev\stm32\BasicReflowV01\BasicReflow\MXTmpFiles\usb_HalInit.tmp
2023-08-16 22:29:59,454 [INFO] CodeEngine:255 - oldGeneratedFile, C:\Users\mattv\local\dev\stm32\BasicReflowV01\BasicReflow\MXTmpFiles\usb_Msp.tmp_save
2023-08-16 22:29:59,514 [INFO] CodeEngine:279 - Generated code: C:\Users\mattv\local\dev\stm32\BasicReflowV01\BasicReflow\MXTmpFiles\usb_Msp.tmp
2023-08-16 22:29:59,563 [INFO] Middleware:1439 - No code input for Bsp Dependency
2023-08-16 22:29:59,578 [INFO] CodeEngine:255 - oldGeneratedFile, C:\Users\mattv\local\dev\stm32\BasicReflowV01\BasicReflow\Core\Src\spi.c_save
2023-08-16 22:29:59,646 [INFO] CodeEngine:279 - Generated code: C:\Users\mattv\local\dev\stm32\BasicReflowV01\BasicReflow\Core\Src\spi.c
2023-08-16 22:29:59,655 [INFO] CodeEngine:255 - oldGeneratedFile, C:\Users\mattv\local\dev\stm32\BasicReflowV01\BasicReflow\Core\Inc\spi.h_save
2023-08-16 22:29:59,712 [INFO] CodeEngine:279 - Generated code: C:\Users\mattv\local\dev\stm32\BasicReflowV01\BasicReflow\Core\Inc\spi.h
2023-08-16 22:29:59,716 [INFO] Middleware:1439 - No code input for Bsp Dependency
2023-08-16 22:29:59,748 [INFO] CodeEngine:255 - oldGeneratedFile, C:\Users\mattv\local\dev\stm32\BasicReflowV01\BasicReflow\USB_DEVICE\App\usb_device.c_save
2023-08-16 22:29:59,806 [INFO] CodeEngine:279 - Generated code: C:\Users\mattv\local\dev\stm32\BasicReflowV01\BasicReflow\USB_DEVICE\App\usb_device.c
2023-08-16 22:29:59,813 [INFO] CodeEngine:255 - oldGeneratedFile, C:\Users\mattv\local\dev\stm32\BasicReflowV01\BasicReflow\USB_DEVICE\App\usb_device.h_save
2023-08-16 22:29:59,873 [INFO] CodeEngine:279 - Generated code: C:\Users\mattv\local\dev\stm32\BasicReflowV01\BasicReflow\USB_DEVICE\App\usb_device.h
2023-08-16 22:29:59,882 [INFO] CodeEngine:255 - oldGeneratedFile, C:\Users\mattv\local\dev\stm32\BasicReflowV01\BasicReflow\USB_DEVICE\Target\usbd_conf.h_save
2023-08-16 22:29:59,936 [INFO] CodeEngine:279 - Generated code: C:\Users\mattv\local\dev\stm32\BasicReflowV01\BasicReflow\USB_DEVICE\Target\usbd_conf.h
2023-08-16 22:29:59,948 [INFO] CodeEngine:255 - oldGeneratedFile, C:\Users\mattv\local\dev\stm32\BasicReflowV01\BasicReflow\USB_DEVICE\Target\usbd_conf.c_save
2023-08-16 22:30:00,011 [INFO] CodeEngine:279 - Generated code: C:\Users\mattv\local\dev\stm32\BasicReflowV01\BasicReflow\USB_DEVICE\Target\usbd_conf.c
2023-08-16 22:30:00,020 [INFO] CodeEngine:255 - oldGeneratedFile, C:\Users\mattv\local\dev\stm32\BasicReflowV01\BasicReflow\USB_DEVICE\App\usbd_desc.h_save
2023-08-16 22:30:00,074 [INFO] CodeEngine:279 - Generated code: C:\Users\mattv\local\dev\stm32\BasicReflowV01\BasicReflow\USB_DEVICE\App\usbd_desc.h
2023-08-16 22:30:00,089 [INFO] CodeEngine:255 - oldGeneratedFile, C:\Users\mattv\local\dev\stm32\BasicReflowV01\BasicReflow\USB_DEVICE\App\usbd_desc.c_save
2023-08-16 22:30:00,149 [INFO] CodeEngine:279 - Generated code: C:\Users\mattv\local\dev\stm32\BasicReflowV01\BasicReflow\USB_DEVICE\App\usbd_desc.c
2023-08-16 22:30:00,157 [INFO] CodeEngine:255 - oldGeneratedFile, C:\Users\mattv\local\dev\stm32\BasicReflowV01\BasicReflow\USB_DEVICE\App\usbd_cdc_if.h_save
2023-08-16 22:30:00,206 [INFO] CodeEngine:279 - Generated code: C:\Users\mattv\local\dev\stm32\BasicReflowV01\BasicReflow\USB_DEVICE\App\usbd_cdc_if.h
2023-08-16 22:30:00,219 [INFO] CodeEngine:255 - oldGeneratedFile, C:\Users\mattv\local\dev\stm32\BasicReflowV01\BasicReflow\USB_DEVICE\App\usbd_cdc_if.c_save
2023-08-16 22:30:00,278 [INFO] CodeEngine:279 - Generated code: C:\Users\mattv\local\dev\stm32\BasicReflowV01\BasicReflow\USB_DEVICE\App\usbd_cdc_if.c
2023-08-16 22:30:00,294 [INFO] CodeEngine:255 - oldGeneratedFile, C:\Users\mattv\local\dev\stm32\BasicReflowV01\BasicReflow\Core\Src\stm32f1xx_it.c_save
2023-08-16 22:30:00,391 [INFO] CodeEngine:279 - Generated code: C:\Users\mattv\local\dev\stm32\BasicReflowV01\BasicReflow\Core\Src\stm32f1xx_it.c
2023-08-16 22:30:00,399 [INFO] CodeEngine:255 - oldGeneratedFile, C:\Users\mattv\local\dev\stm32\BasicReflowV01\BasicReflow\Core\Inc\stm32f1xx_it.h_save
2023-08-16 22:30:00,450 [INFO] CodeEngine:279 - Generated code: C:\Users\mattv\local\dev\stm32\BasicReflowV01\BasicReflow\Core\Inc\stm32f1xx_it.h
2023-08-16 22:30:00,466 [INFO] CodeEngine:255 - oldGeneratedFile, C:\Users\mattv\local\dev\stm32\BasicReflowV01\BasicReflow\Core\Src\stm32f1xx_hal_msp.c_save
2023-08-16 22:30:00,531 [INFO] CodeEngine:279 - Generated code: C:\Users\mattv\local\dev\stm32\BasicReflowV01\BasicReflow\Core\Src\stm32f1xx_hal_msp.c
2023-08-16 22:30:00,537 [INFO] CodeEngine:255 - oldGeneratedFile, C:\Users\mattv\local\dev\stm32\BasicReflowV01\BasicReflow\MXTmpFiles\system.tmp_save
2023-08-16 22:30:00,584 [INFO] CodeEngine:279 - Generated code: C:\Users\mattv\local\dev\stm32\BasicReflowV01\BasicReflow\MXTmpFiles\system.tmp
2023-08-16 22:30:00,599 [INFO] CodeEngine:311 - oldGeneratedFile, C:\Users\mattv\local\dev\stm32\BasicReflowV01\BasicReflow\Core\Inc\stm32f1xx_hal_conf.h_save
2023-08-16 22:30:00,659 [INFO] CodeEngine:335 - Generated code: C:\Users\mattv\local\dev\stm32\BasicReflowV01\BasicReflow\Core\Inc\stm32f1xx_hal_conf.h
2023-08-16 22:30:00,686 [INFO] CodeEngine:255 - oldGeneratedFile, C:\Users\mattv\local\dev\stm32\BasicReflowV01\BasicReflow\Core\Inc\main.h_save
2023-08-16 22:30:00,743 [INFO] CodeEngine:279 - Generated code: C:\Users\mattv\local\dev\stm32\BasicReflowV01\BasicReflow\Core\Inc\main.h
2023-08-16 22:30:00,756 [INFO] CodeEngine:255 - oldGeneratedFile, C:\Users\mattv\local\dev\stm32\BasicReflowV01\BasicReflow\Core\Src\main.c_save
2023-08-16 22:30:00,840 [INFO] CodeEngine:279 - Generated code: C:\Users\mattv\local\dev\stm32\BasicReflowV01\BasicReflow\Core\Src\main.c
2023-08-16 22:30:01,158 [INFO] ProjectBuilder:3064 - Time for Copy HAL[1] : 130mS.
2023-08-16 22:30:01,162 [INFO] ProjectBuilder:4404 - Project Generator version: 4.1.0
2023-08-16 22:30:01,263 [INFO] ConfigFileManager:1457 - The Die is : DIE410
2023-08-16 22:30:01,270 [INFO] ApiDbMcu:507 - Load IP Config File for FATFS
2023-08-16 22:30:01,277 [INFO] ApiDbMcu:507 - Load IP Config File for FREERTOS
2023-08-16 22:30:02,193 [INFO] ProjectBuilder:4626 - Time for Generating toolchain IDE Files: 1030mS.
2023-08-16 22:30:02,193 [INFO] ProjectBuilder:2935 - Time for Copy CMSIS : 0mS.
2023-08-16 22:30:02,201 [INFO] ProjectBuilder:2935 - Time for Copy CMSIS : 0mS.
