2023-08-20 20:05:54,704 [WARN] ServerAccessManage:1168 - Warning during Server Connection :  timeout Read timed out
2023-08-20 20:05:55,378 [INFO] MainUpdater:2868 - connection check result : 10
2023-08-20 20:05:55,378 [INFO] MainUpdater:2868 - connection check result : 10
2023-08-20 20:05:55,412 [INFO] MicroXplorer:468 - Change Database Path : 
2023-08-20 20:05:55,412 [INFO] MicroXplorer:498 - Change Database Version : DB.6.0.90
2023-08-20 20:05:55,431 [WARN] ThirdParty:871 - waiting for thirdparty lock release [close project]
2023-08-20 20:05:55,431 [INFO] ThirdParty:873 - entering critical section [close project]
2023-08-20 20:05:55,431 [INFO] ThirdParty:883 - exiting critical section [close project]
2023-08-20 20:05:55,432 [INFO] PinOutPanel:1499 - setPackage(No Configuration,No Configuration)
2023-08-20 20:05:55,433 [INFO] UtilMem:75 - Begin LoadConfig() Used Memory: 847230320 Bytes (1073741824)
2023-08-20 20:05:55,434 [INFO] MicroXplorer:468 - Change Database Path : 
2023-08-20 20:05:55,434 [INFO] MicroXplorer:498 - Change Database Version : DB.6.0.90
2023-08-20 20:05:55,434 [INFO] OpenFileManager:308 - Change cursor
2023-08-20 20:05:55,446 [INFO] RulesReader:64 - Compatibility file has been processed (293 Rules)
2023-08-20 20:05:55,452 [INFO] Mcu:1946 - Initializing MCU STM32F103C(8-B)Tx STM32F103C8Tx STM32F103C8T6
2023-08-20 20:05:55,760 [INFO] Context:659 - Trying to add GPIOservice into a context  which must be forbidden
2023-08-20 20:05:55,866 [INFO] RtosManager:555 - Registered RTOS mode: class=CMSIS, group=RTOS, mode=CMSIS_V1, owner=FREERTOS
2023-08-20 20:05:55,866 [INFO] RtosManager:555 - Registered RTOS mode: class=CMSIS, group=RTOS2, mode=CMSIS_V2, owner=FREERTOS
2023-08-20 20:05:55,866 [INFO] RtosManager:555 - Registered RTOS mode: class=RTOS, group=Core, mode=CMSIS_V1, owner=FREERTOS
2023-08-20 20:05:55,866 [INFO] RtosManager:555 - Registered RTOS mode: class=RTOS, group=Core, mode=CMSIS_V2, owner=FREERTOS
2023-08-20 20:05:55,867 [WARN] ModelIntegratedComponent:184 - Missing modes for component STMicroelectronics:FreeRTOS:0.0.1:STMicroelectronics:RTOS:FreeRTOS:Core:::10.2.0:
2023-08-20 20:05:55,870 [WARN] ModelIntegratedComponent:63 - No mode defined for component null
2023-08-20 20:05:55,870 [WARN] ModelIntegratedComponent:63 - No mode defined for component null
2023-08-20 20:05:55,870 [WARN] ModelIntegratedComponent:63 - No mode defined for component null
2023-08-20 20:05:55,870 [WARN] ModelIntegratedComponent:63 - No mode defined for component null
2023-08-20 20:05:55,870 [WARN] ModelIntegratedComponent:63 - No mode defined for component null
2023-08-20 20:05:55,870 [WARN] ModelIntegratedComponent:63 - No mode defined for component null
2023-08-20 20:05:55,870 [WARN] ModelIntegratedComponent:63 - No mode defined for component null
2023-08-20 20:05:55,870 [WARN] ModelIntegratedComponent:63 - No mode defined for component null
2023-08-20 20:05:55,870 [WARN] ModelIntegratedComponent:63 - No mode defined for component null
2023-08-20 20:05:55,870 [WARN] ModelIntegratedComponent:63 - No mode defined for component null
2023-08-20 20:05:55,870 [WARN] ModelIntegratedComponent:63 - No mode defined for component null
2023-08-20 20:05:55,870 [WARN] ModelIntegratedComponent:63 - No mode defined for component null
2023-08-20 20:05:55,870 [WARN] ModelIntegratedComponent:63 - No mode defined for component null
2023-08-20 20:05:55,870 [WARN] ModelIntegratedComponent:63 - No mode defined for component null
2023-08-20 20:05:55,870 [WARN] ModelIntegratedComponent:63 - No mode defined for component null
2023-08-20 20:05:55,870 [WARN] ModelIntegratedComponent:63 - No mode defined for component null
2023-08-20 20:05:55,870 [WARN] ModelIntegratedComponent:63 - No mode defined for component null
2023-08-20 20:05:55,870 [WARN] ModelIntegratedComponent:63 - No mode defined for component null
2023-08-20 20:05:55,870 [WARN] ModelIntegratedComponent:63 - No mode defined for component null
2023-08-20 20:05:55,870 [WARN] ModelIntegratedComponent:63 - No mode defined for component null
2023-08-20 20:05:55,870 [WARN] ModelIntegratedComponent:63 - No mode defined for component null
2023-08-20 20:05:55,870 [WARN] ModelIntegratedComponent:63 - No mode defined for component null
2023-08-20 20:05:55,870 [WARN] ModelIntegratedComponent:63 - No mode defined for component null
2023-08-20 20:05:55,870 [WARN] ModelIntegratedComponent:63 - No mode defined for component null
2023-08-20 20:05:55,870 [WARN] ModelIntegratedComponent:63 - No mode defined for component null
2023-08-20 20:05:55,870 [WARN] ModelIntegratedComponent:63 - No mode defined for component null
2023-08-20 20:05:55,870 [WARN] ModelIntegratedComponent:63 - No mode defined for component null
2023-08-20 20:05:55,870 [WARN] ModelIntegratedComponent:63 - No mode defined for component null
2023-08-20 20:05:55,870 [WARN] ModelIntegratedComponent:63 - No mode defined for component null
2023-08-20 20:05:55,870 [WARN] ModelIntegratedComponent:63 - No mode defined for component null
2023-08-20 20:05:55,870 [WARN] ModelIntegratedComponent:63 - No mode defined for component null
2023-08-20 20:05:55,871 [WARN] ModelIntegratedComponent:63 - No mode defined for component null
2023-08-20 20:05:55,871 [WARN] ModelIntegratedComponent:63 - No mode defined for component null
2023-08-20 20:05:55,875 [INFO] ThirdPartyModel:298 - Start build external matchings
2023-08-20 20:05:56,034 [INFO] ThirdPartyModel:316 - End build external matchings
2023-08-20 20:05:56,039 [INFO] ImportTextPane:194 - (OptionalMessage_ERROR) IP (RCC) : Parameter (ADCFreqValue) has invalid value (36000000)
2023-08-20 20:05:56,039 [INFO] ImportTextPane:194 - (OptionalMessage_ERROR) IP (RCC) : Invalid parameter (FamilyName)
2023-08-20 20:05:56,039 [INFO] ImportTextPane:194 - (OptionalMessage_ERROR) IP (RCC) : Parameter (MCOFreq_Value) has invalid value (72000000)
2023-08-20 20:05:56,152 [INFO] UtilMem:75 - End LoadConfig() Used Memory: 832265432 Bytes (1073741824)
2023-08-20 20:05:56,170 [WARN] ThirdParty:833 - waiting for thirdparty lock release [change project]
2023-08-20 20:05:56,170 [INFO] ThirdParty:835 - entering critical section [change project]
2023-08-20 20:05:56,170 [INFO] ThirdParty:1030 - CMSIS Pack Vendor :STMicroelectronics X-CUBE-ISPU 1.1.0
2023-08-20 20:05:56,170 [INFO] ThirdParty:1030 - CMSIS Pack Vendor :STMicroelectronics USBPD 4.1
2023-08-20 20:05:56,170 [INFO] ThirdParty:1030 - CMSIS Pack Vendor :STMicroelectronics X-CUBE-GNSS1 6.0.0
2023-08-20 20:05:56,170 [INFO] ThirdParty:1030 - CMSIS Pack Vendor :STMicroelectronics USB_HOST 2.0.0
2023-08-20 20:05:56,170 [INFO] ThirdParty:1030 - CMSIS Pack Vendor :STMicroelectronics X-CUBE-AZRTOS-F4 1.1.0
2023-08-20 20:05:56,170 [INFO] ThirdParty:1030 - CMSIS Pack Vendor :STMicroelectronics LIBJPEG 8.0.0
2023-08-20 20:05:56,170 [INFO] ThirdParty:1030 - CMSIS Pack Vendor :wolfSSL I-CUBE-wolfSSL 5.6.3
2023-08-20 20:05:56,170 [INFO] ThirdParty:1030 - CMSIS Pack Vendor :STMicroelectronics X-CUBE-SMBUS 2.1.0
2023-08-20 20:05:56,170 [INFO] ThirdParty:1030 - CMSIS Pack Vendor :STMicroelectronics USB_DEVICE 3.0.0
2023-08-20 20:05:56,170 [INFO] ThirdParty:1030 - CMSIS Pack Vendor :STMicroelectronics X-CUBE-AZRTOS-WB 2.0.0
2023-08-20 20:05:56,170 [INFO] ThirdParty:1030 - CMSIS Pack Vendor :STMicroelectronics X-CUBE-FREERTOS 1.0.1
2023-08-20 20:05:56,170 [INFO] ThirdParty:1030 - CMSIS Pack Vendor :STMicroelectronics X-CUBE-AZRTOS-F7 1.1.0
2023-08-20 20:05:56,170 [INFO] ThirdParty:1030 - CMSIS Pack Vendor :STMicroelectronics X-CUBE-AZRTOS-L5 2.0.0
2023-08-20 20:05:56,170 [INFO] ThirdParty:1030 - CMSIS Pack Vendor :STMicroelectronics USB_DEVICE 2.0.0
2023-08-20 20:05:56,170 [INFO] ThirdParty:1030 - CMSIS Pack Vendor :STMicroelectronics X-CUBE-MEMS1 9.6.0
2023-08-20 20:05:56,170 [INFO] ThirdParty:1030 - CMSIS Pack Vendor :STMicroelectronics FP-SNS-MOTENV1 4.3.2
2023-08-20 20:05:56,170 [INFO] ThirdParty:1030 - CMSIS Pack Vendor :STMicroelectronics X-CUBE-ALGOBUILD 1.3.0
2023-08-20 20:05:56,170 [INFO] ThirdParty:1030 - CMSIS Pack Vendor :STMicroelectronics X-CUBE-BLE1 6.2.4
2023-08-20 20:05:56,170 [INFO] ThirdParty:1030 - CMSIS Pack Vendor :STMicroelectronics X-CUBE-AZRTOS-L5 1.1.0
2023-08-20 20:05:56,170 [INFO] ThirdParty:1030 - CMSIS Pack Vendor :STMicroelectronics FreeRTOS 0.0.1
2023-08-20 20:05:56,170 [INFO] ThirdParty:1030 - CMSIS Pack Vendor :STMicroelectronics X-CUBE-AZRTOS-G0 1.1.0
2023-08-20 20:05:56,170 [INFO] ThirdParty:1030 - CMSIS Pack Vendor :STMicroelectronics X-CUBE-BLEMGR 2.0.0
2023-08-20 20:05:56,170 [INFO] ThirdParty:1030 - CMSIS Pack Vendor :STMicroelectronics X-CUBE-AI 8.0.1
2023-08-20 20:05:56,170 [INFO] ThirdParty:1030 - CMSIS Pack Vendor :STMicroelectronics X-CUBE-NFC4 3.0.0
2023-08-20 20:05:56,170 [INFO] ThirdParty:1030 - CMSIS Pack Vendor :STMicroelectronics X-CUBE-SUBG2 5.0.0
2023-08-20 20:05:56,170 [INFO] ThirdParty:1030 - CMSIS Pack Vendor :STMicroelectronics STM32_WPAN 1.0.0
2023-08-20 20:05:56,170 [INFO] ThirdParty:1030 - CMSIS Pack Vendor :STMicroelectronics lwIP 2.0.3
2023-08-20 20:05:56,170 [INFO] ThirdParty:1030 - CMSIS Pack Vendor :STMicroelectronics FP-SNS-FLIGHT1 5.0.2
2023-08-20 20:05:56,170 [INFO] ThirdParty:1030 - CMSIS Pack Vendor :STMicroelectronics USB_HOST 1.0.0
2023-08-20 20:05:56,170 [INFO] ThirdParty:1030 - CMSIS Pack Vendor :STMicroelectronics X-CUBE-TOF1 3.3.1
2023-08-20 20:05:56,170 [INFO] ThirdParty:1030 - CMSIS Pack Vendor :STMicroelectronics X-CUBE-AZRTOS-G4 2.0.0
2023-08-20 20:05:56,170 [INFO] ThirdParty:1030 - CMSIS Pack Vendor :STMicroelectronics PDM2PCM 3.1.0
2023-08-20 20:05:56,170 [INFO] ThirdParty:1030 - CMSIS Pack Vendor :STMicroelectronics X-CUBE-AZRTOS-H7 3.1.0
2023-08-20 20:05:56,171 [INFO] ThirdParty:1030 - CMSIS Pack Vendor :STMicroelectronics PDM2PCM 3.3.0
2023-08-20 20:05:56,171 [INFO] ThirdParty:1030 - CMSIS Pack Vendor :STMicroelectronics X-CUBE-DISPLAY 3.0.0
2023-08-20 20:05:56,171 [INFO] ThirdParty:1030 - CMSIS Pack Vendor :STMicroelectronics X-CUBE-BLE1 7.0.0
2023-08-20 20:05:56,171 [INFO] ThirdParty:1030 - CMSIS Pack Vendor :STMicroelectronics FP-ATR-SIGFOX1 3.2.0
2023-08-20 20:05:56,171 [INFO] ThirdParty:1030 - CMSIS Pack Vendor :STMicroelectronics HAL Drivers 0.0.0
2023-08-20 20:05:56,171 [INFO] ThirdParty:1030 - CMSIS Pack Vendor :STMicroelectronics MBEDTLS 2.16.2
2023-08-20 20:05:56,171 [INFO] ThirdParty:1030 - CMSIS Pack Vendor :emotas I-CUBE-CANOPEN 1.3.0
2023-08-20 20:05:56,171 [INFO] ThirdParty:1030 - CMSIS Pack Vendor :STMicroelectronics X-CUBE-TOUCHGFX 4.22.0
2023-08-20 20:05:56,171 [INFO] ThirdParty:1030 - CMSIS Pack Vendor :STMicroelectronics X-CUBE-NFC7 1.0.1
2023-08-20 20:05:56,171 [INFO] ThirdParty:1030 - CMSIS Pack Vendor :STMicroelectronics MBEDTLS 2.14.1
2023-08-20 20:05:56,171 [INFO] ThirdParty:1030 - CMSIS Pack Vendor :STMicroelectronics X-CUBE-EEPRMA1 4.1.0
2023-08-20 20:05:56,171 [INFO] ThirdParty:1030 - CMSIS Pack Vendor :portGmbH I-Cube-SoM-uGOAL 1.1.0
2023-08-20 20:05:56,171 [INFO] ThirdParty:1030 - CMSIS Pack Vendor :STMicroelectronics X-CUBE-ALS 1.0.1
2023-08-20 20:05:56,171 [INFO] ThirdParty:1030 - CMSIS Pack Vendor :STMicroelectronics ThreadX 1.0.0
2023-08-20 20:05:56,171 [INFO] ThirdParty:1030 - CMSIS Pack Vendor :STMicroelectronics X-CUBE-AZRTOS-WB 1.1.0
2023-08-20 20:05:56,171 [INFO] ThirdParty:1030 - CMSIS Pack Vendor :STMicroelectronics X-CUBE-AZRTOS-WL 2.0.0
2023-08-20 20:05:56,171 [INFO] ThirdParty:1030 - CMSIS Pack Vendor :SEGGER I-CUBE-embOS 1.3.1
2023-08-20 20:05:56,171 [INFO] ThirdParty:1030 - CMSIS Pack Vendor :STMicroelectronics USB_DEVICE 1.0.0
2023-08-20 20:05:56,171 [INFO] ThirdParty:1030 - CMSIS Pack Vendor :STMicroelectronics X-CUBE-AI 8.1.0
2023-08-20 20:05:56,171 [INFO] ThirdParty:1030 - CMSIS Pack Vendor :STMicroelectronics X-CUBE-AZRTOS-L4 2.0.0
2023-08-20 20:05:56,171 [INFO] ThirdParty:1030 - CMSIS Pack Vendor :STMicroelectronics ThreadX 0.0.2
2023-08-20 20:05:56,171 [INFO] ThirdParty:1030 - CMSIS Pack Vendor :WES I-CUBE-Cesium 1.3.0
2023-08-20 20:05:56,171 [INFO] ThirdParty:1030 - CMSIS Pack Vendor :STMicroelectronics FP-ATR-ASTRA1 2.0.0
2023-08-20 20:05:56,171 [INFO] ThirdParty:1030 - CMSIS Pack Vendor :STMicroelectronics lwIP 2.1.2
2023-08-20 20:05:56,171 [INFO] ThirdParty:1030 - CMSIS Pack Vendor :STMicroelectronics X-CUBE-SFXS2LP1 4.0.0
2023-08-20 20:05:56,171 [INFO] ThirdParty:1030 - CMSIS Pack Vendor :STMicroelectronics X-CUBE-BLE2 3.3.0
2023-08-20 20:05:56,171 [INFO] ThirdParty:1030 - CMSIS Pack Vendor :STMicroelectronics PDM2PCM 3.2.0
2023-08-20 20:05:56,171 [INFO] ThirdParty:841 - exiting critical section [change project]
2023-08-20 20:05:56,219 [INFO] PinOutPanel:1499 - setPackage(No Configuration,No Configuration)
2023-08-20 20:05:56,219 [INFO] PinOutPanel:1499 - setPackage(STM32F103C8Tx,LQFP48)
2023-08-20 20:05:56,303 [INFO] UtilMem:75 - Before build in PCC Used Memory: 898082888 Bytes (1073741824)
2023-08-20 20:05:56,424 [INFO] UtilMem:75 - After build in PCC Used Memory: 574402704 Bytes (1073741824)
2023-08-20 20:05:56,433 [INFO] ApiDbMcu:507 - Load IP Config File for USB_DEVICE
2023-08-20 20:05:56,446 [INFO] IPUIPlugin:80 - create IPUIPlugin
2023-08-20 20:05:56,446 [INFO] IPUIPlugin:80 - create IPUIPlugin
2023-08-20 20:05:56,446 [INFO] IPUIPlugin:80 - create IPUIPlugin
2023-08-20 20:05:56,446 [INFO] IPUIPlugin:80 - create IPUIPlugin
2023-08-20 20:05:56,446 [INFO] IPUIPlugin:80 - create IPUIPlugin
2023-08-20 20:05:56,446 [INFO] IPUIPlugin:80 - create IPUIPlugin
2023-08-20 20:05:56,446 [INFO] IPUIPlugin:80 - create IPUIPlugin
2023-08-20 20:05:56,446 [INFO] IPUIPlugin:80 - create IPUIPlugin
2023-08-20 20:05:56,446 [INFO] IPUIPlugin:80 - create IPUIPlugin
2023-08-20 20:05:56,446 [INFO] IPUIPlugin:80 - create IPUIPlugin
2023-08-20 20:05:56,446 [INFO] IPUIPlugin:80 - create IPUIPlugin
2023-08-20 20:05:56,446 [INFO] IPUIPlugin:80 - create IPUIPlugin
2023-08-20 20:05:56,446 [INFO] IPUIPlugin:80 - create IPUIPlugin
2023-08-20 20:05:56,447 [INFO] IPUIPlugin:80 - create IPUIPlugin
2023-08-20 20:05:56,447 [INFO] IPUIPlugin:80 - create IPUIPlugin
2023-08-20 20:05:56,447 [INFO] IPUIPlugin:80 - create IPUIPlugin
2023-08-20 20:05:56,447 [INFO] IPUIPlugin:80 - create IPUIPlugin
2023-08-20 20:05:56,447 [INFO] IPUIPlugin:80 - create IPUIPlugin
2023-08-20 20:05:56,447 [INFO] IPUIPlugin:80 - create IPUIPlugin
2023-08-20 20:05:56,447 [INFO] IPUIPlugin:80 - create IPUIPlugin
2023-08-20 20:05:56,447 [INFO] IPUIPlugin:80 - create IPUIPlugin
2023-08-20 20:05:56,447 [INFO] IPUIPlugin:80 - create IPUIPlugin
2023-08-20 20:05:56,447 [INFO] IPUIPlugin:80 - create IPUIPlugin
2023-08-20 20:05:56,447 [INFO] IPUIPlugin:80 - create IPUIPlugin
2023-08-20 20:05:56,447 [INFO] IPUIPlugin:80 - create IPUIPlugin
2023-08-20 20:05:56,447 [INFO] IPUIPlugin:80 - create IPUIPlugin
2023-08-20 20:05:56,448 [INFO] IPUIPlugin:80 - create IPUIPlugin
2023-08-20 20:05:56,466 [INFO] CADModel:165 - CPN selected for project levelSTM32F103C8T6
2023-08-20 20:05:56,466 [INFO] CADModel:114 - Register for checkConnection events
2023-08-20 20:05:56,513 [INFO] OpenFileManager:328 - Restore cursor
2023-08-20 20:05:58,383 [INFO] Gpio:273 - dependency for GPIO [RCC, SPI1, SYS, USB]
2023-08-20 20:06:04,035 [INFO] UtilMem:75 - End SaveConfig() Used Memory: 722083688 Bytes (1073741824)
2023-08-20 20:06:04,384 [INFO] UtilMem:75 - End SaveConfig() Used Memory: 741728136 Bytes (1073741824)
2023-08-20 20:06:04,700 [INFO] UtilMem:75 - End SaveConfig() Used Memory: 816313568 Bytes (1073741824)
2023-08-20 20:06:04,793 [INFO] BlockDiagram:2759 - set Specific Code input for plugin: SPI
2023-08-20 20:06:04,793 [INFO] BlockDiagram:2759 - set Specific Code input for plugin: NVIC
2023-08-20 20:06:04,793 [INFO] BlockDiagram:2759 - set Specific Code input for plugin: USB_DEVICE
2023-08-20 20:06:04,793 [INFO] BlockDiagram:2759 - set Specific Code input for plugin: USB
2023-08-20 20:06:04,793 [INFO] BlockDiagram:2759 - set Specific Code input for plugin: SYS
2023-08-20 20:06:04,793 [INFO] BlockDiagram:2759 - set Specific Code input for plugin: GPIO
2023-08-20 20:06:04,793 [INFO] BlockDiagram:2759 - set Specific Code input for plugin: RCC
2023-08-20 20:06:04,793 [INFO] CodeGenerator:799 - code generatio: config db path: C:\ST\STM32CubeIDE_1.13.0\STM32CubeIDE\plugins\com.st.stm32cube.common.mx_6.9.0.202307051724\\db\
2023-08-20 20:06:04,910 [INFO] CodeEngine:255 - oldGeneratedFile, C:\Users\mattv\local\dev\stm32\BasicReflowV01\BasicReflow\MXTmpFiles\license.tmp_save
2023-08-20 20:06:04,984 [INFO] CodeEngine:279 - Generated code: C:\Users\mattv\local\dev\stm32\BasicReflowV01\BasicReflow\MXTmpFiles\license.tmp
2023-08-20 20:06:05,021 [INFO] CodeEngine:255 - oldGeneratedFile, C:\Users\mattv\local\dev\stm32\BasicReflowV01\BasicReflow\Core\Src\gpio.c_save
2023-08-20 20:06:05,087 [INFO] CodeEngine:279 - Generated code: C:\Users\mattv\local\dev\stm32\BasicReflowV01\BasicReflow\Core\Src\gpio.c
2023-08-20 20:06:05,096 [INFO] CodeEngine:255 - oldGeneratedFile, C:\Users\mattv\local\dev\stm32\BasicReflowV01\BasicReflow\Core\Inc\gpio.h_save
2023-08-20 20:06:05,151 [INFO] CodeEngine:279 - Generated code: C:\Users\mattv\local\dev\stm32\BasicReflowV01\BasicReflow\Core\Inc\gpio.h
2023-08-20 20:06:05,184 [INFO] CodeEngine:255 - oldGeneratedFile, C:\Users\mattv\local\dev\stm32\BasicReflowV01\BasicReflow\MXTmpFiles\usb_vars.tmp_save
2023-08-20 20:06:05,243 [INFO] CodeEngine:279 - Generated code: C:\Users\mattv\local\dev\stm32\BasicReflowV01\BasicReflow\MXTmpFiles\usb_vars.tmp
2023-08-20 20:06:05,249 [INFO] CodeEngine:255 - oldGeneratedFile, C:\Users\mattv\local\dev\stm32\BasicReflowV01\BasicReflow\MXTmpFiles\usb_inc.tmp_save
2023-08-20 20:06:05,291 [INFO] CodeEngine:279 - Generated code: C:\Users\mattv\local\dev\stm32\BasicReflowV01\BasicReflow\MXTmpFiles\usb_inc.tmp
2023-08-20 20:06:05,303 [INFO] CodeEngine:255 - oldGeneratedFile, C:\Users\mattv\local\dev\stm32\BasicReflowV01\BasicReflow\MXTmpFiles\usb_HalInit.tmp_save
2023-08-20 20:06:05,365 [INFO] CodeEngine:279 - Generated code: C:\Users\mattv\local\dev\stm32\BasicReflowV01\BasicReflow\MXTmpFiles\usb_HalInit.tmp
2023-08-20 20:06:05,372 [INFO] CodeEngine:255 - oldGeneratedFile, C:\Users\mattv\local\dev\stm32\BasicReflowV01\BasicReflow\MXTmpFiles\usb_Msp.tmp_save
2023-08-20 20:06:05,432 [INFO] CodeEngine:279 - Generated code: C:\Users\mattv\local\dev\stm32\BasicReflowV01\BasicReflow\MXTmpFiles\usb_Msp.tmp
2023-08-20 20:06:05,482 [INFO] Middleware:1439 - No code input for Bsp Dependency
2023-08-20 20:06:05,499 [INFO] CodeEngine:255 - oldGeneratedFile, C:\Users\mattv\local\dev\stm32\BasicReflowV01\BasicReflow\Core\Src\spi.c_save
2023-08-20 20:06:05,569 [INFO] CodeEngine:279 - Generated code: C:\Users\mattv\local\dev\stm32\BasicReflowV01\BasicReflow\Core\Src\spi.c
2023-08-20 20:06:05,577 [INFO] CodeEngine:255 - oldGeneratedFile, C:\Users\mattv\local\dev\stm32\BasicReflowV01\BasicReflow\Core\Inc\spi.h_save
2023-08-20 20:06:05,631 [INFO] CodeEngine:279 - Generated code: C:\Users\mattv\local\dev\stm32\BasicReflowV01\BasicReflow\Core\Inc\spi.h
2023-08-20 20:06:05,634 [INFO] Middleware:1439 - No code input for Bsp Dependency
2023-08-20 20:06:05,649 [INFO] CodeEngine:255 - oldGeneratedFile, C:\Users\mattv\local\dev\stm32\BasicReflowV01\BasicReflow\USB_DEVICE\App\usb_device.c_save
2023-08-20 20:06:05,705 [INFO] CodeEngine:279 - Generated code: C:\Users\mattv\local\dev\stm32\BasicReflowV01\BasicReflow\USB_DEVICE\App\usb_device.c
2023-08-20 20:06:05,712 [INFO] CodeEngine:255 - oldGeneratedFile, C:\Users\mattv\local\dev\stm32\BasicReflowV01\BasicReflow\USB_DEVICE\App\usb_device.h_save
2023-08-20 20:06:05,772 [INFO] CodeEngine:279 - Generated code: C:\Users\mattv\local\dev\stm32\BasicReflowV01\BasicReflow\USB_DEVICE\App\usb_device.h
2023-08-20 20:06:05,781 [INFO] CodeEngine:255 - oldGeneratedFile, C:\Users\mattv\local\dev\stm32\BasicReflowV01\BasicReflow\USB_DEVICE\Target\usbd_conf.h_save
2023-08-20 20:06:05,846 [INFO] CodeEngine:279 - Generated code: C:\Users\mattv\local\dev\stm32\BasicReflowV01\BasicReflow\USB_DEVICE\Target\usbd_conf.h
2023-08-20 20:06:05,863 [INFO] CodeEngine:255 - oldGeneratedFile, C:\Users\mattv\local\dev\stm32\BasicReflowV01\BasicReflow\USB_DEVICE\Target\usbd_conf.c_save
2023-08-20 20:06:05,946 [INFO] CodeEngine:279 - Generated code: C:\Users\mattv\local\dev\stm32\BasicReflowV01\BasicReflow\USB_DEVICE\Target\usbd_conf.c
2023-08-20 20:06:05,956 [INFO] CodeEngine:255 - oldGeneratedFile, C:\Users\mattv\local\dev\stm32\BasicReflowV01\BasicReflow\USB_DEVICE\App\usbd_desc.h_save
2023-08-20 20:06:06,026 [INFO] CodeEngine:279 - Generated code: C:\Users\mattv\local\dev\stm32\BasicReflowV01\BasicReflow\USB_DEVICE\App\usbd_desc.h
2023-08-20 20:06:06,042 [INFO] CodeEngine:255 - oldGeneratedFile, C:\Users\mattv\local\dev\stm32\BasicReflowV01\BasicReflow\USB_DEVICE\App\usbd_desc.c_save
2023-08-20 20:06:06,104 [INFO] CodeEngine:279 - Generated code: C:\Users\mattv\local\dev\stm32\BasicReflowV01\BasicReflow\USB_DEVICE\App\usbd_desc.c
2023-08-20 20:06:06,112 [INFO] CodeEngine:255 - oldGeneratedFile, C:\Users\mattv\local\dev\stm32\BasicReflowV01\BasicReflow\USB_DEVICE\App\usbd_cdc_if.h_save
2023-08-20 20:06:06,161 [INFO] CodeEngine:279 - Generated code: C:\Users\mattv\local\dev\stm32\BasicReflowV01\BasicReflow\USB_DEVICE\App\usbd_cdc_if.h
2023-08-20 20:06:06,174 [INFO] CodeEngine:255 - oldGeneratedFile, C:\Users\mattv\local\dev\stm32\BasicReflowV01\BasicReflow\USB_DEVICE\App\usbd_cdc_if.c_save
2023-08-20 20:06:06,236 [INFO] CodeEngine:279 - Generated code: C:\Users\mattv\local\dev\stm32\BasicReflowV01\BasicReflow\USB_DEVICE\App\usbd_cdc_if.c
2023-08-20 20:06:06,253 [INFO] CodeEngine:255 - oldGeneratedFile, C:\Users\mattv\local\dev\stm32\BasicReflowV01\BasicReflow\Core\Src\stm32f1xx_it.c_save
2023-08-20 20:06:06,349 [INFO] CodeEngine:279 - Generated code: C:\Users\mattv\local\dev\stm32\BasicReflowV01\BasicReflow\Core\Src\stm32f1xx_it.c
2023-08-20 20:06:06,356 [INFO] CodeEngine:255 - oldGeneratedFile, C:\Users\mattv\local\dev\stm32\BasicReflowV01\BasicReflow\Core\Inc\stm32f1xx_it.h_save
2023-08-20 20:06:06,407 [INFO] CodeEngine:279 - Generated code: C:\Users\mattv\local\dev\stm32\BasicReflowV01\BasicReflow\Core\Inc\stm32f1xx_it.h
2023-08-20 20:06:06,424 [INFO] CodeEngine:255 - oldGeneratedFile, C:\Users\mattv\local\dev\stm32\BasicReflowV01\BasicReflow\Core\Src\stm32f1xx_hal_msp.c_save
2023-08-20 20:06:06,489 [INFO] CodeEngine:279 - Generated code: C:\Users\mattv\local\dev\stm32\BasicReflowV01\BasicReflow\Core\Src\stm32f1xx_hal_msp.c
2023-08-20 20:06:06,496 [INFO] CodeEngine:255 - oldGeneratedFile, C:\Users\mattv\local\dev\stm32\BasicReflowV01\BasicReflow\MXTmpFiles\system.tmp_save
2023-08-20 20:06:06,538 [INFO] CodeEngine:279 - Generated code: C:\Users\mattv\local\dev\stm32\BasicReflowV01\BasicReflow\MXTmpFiles\system.tmp
2023-08-20 20:06:06,553 [INFO] CodeEngine:311 - oldGeneratedFile, C:\Users\mattv\local\dev\stm32\BasicReflowV01\BasicReflow\Core\Inc\stm32f1xx_hal_conf.h_save
2023-08-20 20:06:06,613 [INFO] CodeEngine:335 - Generated code: C:\Users\mattv\local\dev\stm32\BasicReflowV01\BasicReflow\Core\Inc\stm32f1xx_hal_conf.h
2023-08-20 20:06:06,641 [INFO] CodeEngine:255 - oldGeneratedFile, C:\Users\mattv\local\dev\stm32\BasicReflowV01\BasicReflow\Core\Inc\main.h_save
2023-08-20 20:06:06,703 [INFO] CodeEngine:279 - Generated code: C:\Users\mattv\local\dev\stm32\BasicReflowV01\BasicReflow\Core\Inc\main.h
2023-08-20 20:06:06,716 [INFO] CodeEngine:255 - oldGeneratedFile, C:\Users\mattv\local\dev\stm32\BasicReflowV01\BasicReflow\Core\Src\main.c_save
2023-08-20 20:06:06,788 [INFO] CodeEngine:279 - Generated code: C:\Users\mattv\local\dev\stm32\BasicReflowV01\BasicReflow\Core\Src\main.c
2023-08-20 20:06:07,115 [INFO] ProjectBuilder:3064 - Time for Copy HAL[1] : 120mS.
2023-08-20 20:06:07,120 [INFO] ProjectBuilder:4404 - Project Generator version: 4.1.0
2023-08-20 20:06:07,254 [INFO] ConfigFileManager:1457 - The Die is : DIE410
2023-08-20 20:06:07,261 [INFO] ApiDbMcu:507 - Load IP Config File for FATFS
2023-08-20 20:06:07,268 [INFO] ApiDbMcu:507 - Load IP Config File for FREERTOS
2023-08-20 20:06:08,118 [INFO] ProjectBuilder:4626 - Time for Generating toolchain IDE Files: 998mS.
2023-08-20 20:06:08,118 [INFO] ProjectBuilder:2935 - Time for Copy CMSIS : 0mS.
2023-08-20 20:06:08,124 [INFO] ProjectBuilder:2935 - Time for Copy CMSIS : 0mS.
